This is pdfTeXk, Version 3.141592-1.40.3 (Web2C 7.5.6) (format=pdflatex 2010.11.24)  24 NOV 2010 02:01
entering extended mode
 %&-line parsing enabled.
**developer_guide.tex
(./developer_guide.tex
LaTeX2e <2005/12/01>
Babel <v3.8h> and hyphenation patterns for english, usenglishmax, dumylang, noh
yphenation, basque, french, loaded.
(/usr/share/texmf-texlive/tex/latex/base/book.cls
Document Class: book 2005/09/16 v1.4f Standard LaTeX document class
(/usr/share/texmf-texlive/tex/latex/base/bk10.clo
File: bk10.clo 2005/09/16 v1.4f Standard LaTeX file (size option)
)
\c@part=\count79
\c@chapter=\count80
\c@section=\count81
\c@subsection=\count82
\c@subsubsection=\count83
\c@paragraph=\count84
\c@subparagraph=\count85
\c@figure=\count86
\c@table=\count87
\abovecaptionskip=\skip41
\belowcaptionskip=\skip42
\bibindent=\dimen102
)
(/usr/share/texmf-texlive/tex/generic/babel/babel.sty
Package: babel 2005/11/23 v3.8h The Babel package

(/usr/share/texmf-texlive/tex/generic/babel/english.ldf
Language: english 2005/03/30 v3.3o English support from the babel system

(/usr/share/texmf-texlive/tex/generic/babel/babel.def
File: babel.def 2005/11/23 v3.8h Babel common definitions
\babel@savecnt=\count88
\U@D=\dimen103
)
\l@british = a dialect from \language\l@english 
\l@UKenglish = a dialect from \language\l@english 
\l@canadian = a dialect from \language\l@american 
\l@australian = a dialect from \language\l@british 
\l@newzealand = a dialect from \language\l@british 
))
(/usr/share/texmf-texlive/tex/latex/ae/ae.sty
Package: ae 2001/02/12 1.3 Almost European Computer Modern

(/usr/share/texmf-texlive/tex/latex/base/fontenc.sty
Package: fontenc 2005/09/27 v1.99g Standard LaTeX package

(/usr/share/texmf-texlive/tex/latex/base/t1enc.def
File: t1enc.def 2005/09/27 v1.99g Standard LaTeX file
LaTeX Font Info:    Redeclaring font encoding T1 on input line 43.
)
LaTeX Font Info:    Try loading font information for T1+aer on input line 100.

(/usr/share/texmf-texlive/tex/latex/ae/t1aer.fd
File: t1aer.fd 1997/11/16 Font definitions for T1/aer.
)))
(/usr/share/texmf-texlive/tex/latex/aeguill/aeguill.sty
Package: aeguill 2003/08/02 1.02 AE fonts with french guillemets (D. Roegel)
)
(/usr/share/texmf-texlive/tex/latex/base/shortvrb.sty
Package: shortvrb 2006/02/02 v2.1d Standard LaTeX documentation package (FMi)
)
(/usr/share/texmf-texlive/tex/latex/base/inputenc.sty
Package: inputenc 2006/05/05 v1.1b Input encoding file
\inpenc@prehook=\toks14
\inpenc@posthook=\toks15

(/usr/share/texmf-texlive/tex/latex/base/latin1.def
File: latin1.def 2006/05/05 v1.1b Input encoding file
))
(/usr/share/texmf-texlive/tex/latex/tools/tabularx.sty
Package: tabularx 1999/01/07 v2.07 `tabularx' package (DPC)

(/usr/share/texmf-texlive/tex/latex/tools/array.sty
Package: array 2005/08/23 v2.4b Tabular extension package (FMi)
\col@sep=\dimen104
\extrarowheight=\dimen105
\NC@list=\toks16
\extratabsurround=\skip43
\backup@length=\skip44
)
\TX@col@width=\dimen106
\TX@old@table=\dimen107
\TX@old@col=\dimen108
\TX@target=\dimen109
\TX@delta=\dimen110
\TX@cols=\count89
\TX@ftn=\toks17
)
(/usr/share/texmf-texlive/tex/latex/tools/longtable.sty
Package: longtable 2004/02/01 v4.11 Multi-page Table package (DPC)
\LTleft=\skip45
\LTright=\skip46
\LTpre=\skip47
\LTpost=\skip48
\LTchunksize=\count90
\LTcapwidth=\dimen111
\LT@head=\box26
\LT@firsthead=\box27
\LT@foot=\box28
\LT@lastfoot=\box29
\LT@cols=\count91
\LT@rows=\count92
\c@LT@tables=\count93
\c@LT@chunks=\count94
\LT@p@ftn=\toks18
)
(/usr/share/texmf-texlive/tex/latex/amsmath/amsmath.sty
Package: amsmath 2000/07/18 v2.13 AMS math features
\@mathmargin=\skip49

For additional information on amsmath, use the `?' option.
(/usr/share/texmf-texlive/tex/latex/amsmath/amstext.sty
Package: amstext 2000/06/29 v2.01

(/usr/share/texmf-texlive/tex/latex/amsmath/amsgen.sty
File: amsgen.sty 1999/11/30 v2.0
\@emptytoks=\toks19
\ex@=\dimen112
))
(/usr/share/texmf-texlive/tex/latex/amsmath/amsbsy.sty
Package: amsbsy 1999/11/29 v1.2d
\pmbraise@=\dimen113
)
(/usr/share/texmf-texlive/tex/latex/amsmath/amsopn.sty
Package: amsopn 1999/12/14 v2.01 operator names
)
\inf@bad=\count95
LaTeX Info: Redefining \frac on input line 211.
\uproot@=\count96
\leftroot@=\count97
LaTeX Info: Redefining \overline on input line 307.
\classnum@=\count98
\DOTSCASE@=\count99
LaTeX Info: Redefining \ldots on input line 379.
LaTeX Info: Redefining \dots on input line 382.
LaTeX Info: Redefining \cdots on input line 467.
\Mathstrutbox@=\box30
\strutbox@=\box31
\big@size=\dimen114
LaTeX Font Info:    Redeclaring font encoding OML on input line 567.
LaTeX Font Info:    Redeclaring font encoding OMS on input line 568.
\macc@depth=\count100
\c@MaxMatrixCols=\count101
\dotsspace@=\muskip10
\c@parentequation=\count102
\dspbrk@lvl=\count103
\tag@help=\toks20
\row@=\count104
\column@=\count105
\maxfields@=\count106
\andhelp@=\toks21
\eqnshift@=\dimen115
\alignsep@=\dimen116
\tagshift@=\dimen117
\tagwidth@=\dimen118
\totwidth@=\dimen119
\lineht@=\dimen120
\@envbody=\toks22
\multlinegap=\skip50
\multlinetaggap=\skip51
\mathdisplay@stack=\toks23
LaTeX Info: Redefining \[ on input line 2666.
LaTeX Info: Redefining \] on input line 2667.
)
(/usr/share/texmf-texlive/tex/latex/graphics/graphicx.sty
Package: graphicx 1999/02/16 v1.0f Enhanced LaTeX Graphics (DPC,SPQR)

(/usr/share/texmf-texlive/tex/latex/graphics/keyval.sty
Package: keyval 1999/03/16 v1.13 key=value parser (DPC)
\KV@toks@=\toks24
)
(/usr/share/texmf-texlive/tex/latex/graphics/graphics.sty
Package: graphics 2006/02/20 v1.0o Standard LaTeX Graphics (DPC,SPQR)

(/usr/share/texmf-texlive/tex/latex/graphics/trig.sty
Package: trig 1999/03/16 v1.09 sin cos tan (DPC)
)
(/etc/texmf/tex/latex/config/graphics.cfg
File: graphics.cfg 2007/01/18 v1.5 graphics configuration of teTeX/TeXLive
)
Package graphics Info: Driver file: pdftex.def on input line 90.

(/usr/share/texmf-texlive/tex/latex/pdftex-def/pdftex.def
File: pdftex.def 2007/01/08 v0.04d Graphics/color for pdfTeX
\Gread@gobject=\count107
))
\Gin@req@height=\dimen121
\Gin@req@width=\dimen122
)
(/usr/share/texmf-texlive/tex/latex/graphics/color.sty
Package: color 2005/11/14 v1.0j Standard LaTeX Color (DPC)

(/etc/texmf/tex/latex/config/color.cfg
File: color.cfg 2007/01/18 v1.5 color configuration of teTeX/TeXLive
)
Package color Info: Driver file: pdftex.def on input line 130.
)
(/usr/share/texmf-texlive/tex/latex/multirow/multirow.sty
\bigstrutjot=\dimen123
)
(/usr/share/texmf-texlive/tex/latex/base/ifthen.sty
Package: ifthen 2001/05/26 v1.1c Standard LaTeX ifthen package (DPC)
)
(/usr/share/texmf-texlive/tex/latex/koma-script/typearea.sty
Package: typearea 2006/07/30 v2.95b KOMA-Script package (type area)

Package typearea, 2006/07/30 v2.95b KOMA-Script package (type area)
                  Copyright (C) Frank Neukam, 1992-1994
                  Copyright (C) Markus Kohm, 1994-2002

(/usr/share/texmf-texlive/tex/latex/koma-script/scrkbase.sty
Package: scrkbase 2006/07/30 v2.95b KOMA-Script package (basics and keyval use)


(/usr/share/texmf-texlive/tex/latex/koma-script/scrlfile.sty
Package: scrlfile 2006/03/28 v2.95 KOMA-Script package (loading files)

Package scrlfile, 2006/03/28 v2.95 KOMA-Script package (loading files)
                  Copyright (C) Markus Kohm

))
\ta@bcor=\skip52
\ta@div=\count108
Package scrkbase Info: You've used the obsolete option `a4paper'.
(scrkbase)             \KOMAoptions{paper=a4} will be used instead.
(scrkbase)             You should do this change too on input line 419.
\ta@hblk=\skip53
\ta@vblk=\skip54
\ta@temp=\skip55


Package typearea Warning: Bad DIV-value!
(typearea)                You should e.g. decrease DIV, increase fontsize
(typearea)                or change papersize.

Package typearea Info: These are the values describing the layout:
(typearea)             DIV  = 12
(typearea)             BCOR = 0.0pt
(typearea)             \paperwidth      = 597.50793pt
(typearea)              \textwidth      = 448.13095pt
(typearea)              DIV-departure   = -25/100
(typearea)              \evensidemargin = 27.31467pt
(typearea)              \oddsidemargin  = -22.47766pt
(typearea)             \paperheight     = 845.04694pt
(typearea)              \textheight     = 634.0pt
(typearea)              \topmargin      = -34.84941pt
(typearea)              \headheight     = 15.0pt
(typearea)              \headsep        = 18.0pt
(typearea)              \topskip        = 10.0pt
(typearea)              \footskip       = 42.0pt
(typearea)              \baselineskip   = 12.0pt
(typearea)              on input line 832.
)
\admonitionwidth=\skip56
\docinfowidth=\skip57
\locallinewidth=\skip58
\lineblockindentation=\skip59
 (/usr/share/texmf-texlive/tex/latex/hyperref/hyperref.sty
Package: hyperref 2007/02/07 v6.75r Hypertext links for LaTeX
\@linkdim=\dimen124
\Hy@linkcounter=\count109
\Hy@pagecounter=\count110

(/usr/share/texmf-texlive/tex/latex/hyperref/pd1enc.def
File: pd1enc.def 2007/02/07 v6.75r Hyperref: PDFDocEncoding definition (HO)
)
(/etc/texmf/tex/latex/config/hyperref.cfg
File: hyperref.cfg 2002/06/06 v1.2 hyperref configuration of TeXLive
)
(/usr/share/texmf-texlive/tex/latex/oberdiek/kvoptions.sty
Package: kvoptions 2006/08/22 v2.4 Connects package keyval with LaTeX options (
HO)
)
Package hyperref Info: Option `colorlinks' set `true' on input line 2238.
Package hyperref Info: Hyper figures OFF on input line 2288.
Package hyperref Info: Link nesting OFF on input line 2293.
Package hyperref Info: Hyper index ON on input line 2296.
Package hyperref Info: Plain pages OFF on input line 2303.
Package hyperref Info: Backreferencing OFF on input line 2308.

Implicit mode ON; LaTeX internals redefined
Package hyperref Info: Bookmarks ON on input line 2444.
(/usr/share/texmf-texlive/tex/latex/ltxmisc/url.sty
\Urlmuskip=\muskip11
Package: url 2005/06/27  ver 3.2  Verb mode for urls, etc.
)
LaTeX Info: Redefining \url on input line 2599.
\Fld@menulength=\count111
\Field@Width=\dimen125
\Fld@charsize=\dimen126
\Choice@toks=\toks25
\Field@toks=\toks26
Package hyperref Info: Hyper figures OFF on input line 3102.
Package hyperref Info: Link nesting OFF on input line 3107.
Package hyperref Info: Hyper index ON on input line 3110.
Package hyperref Info: backreferencing OFF on input line 3117.
Package hyperref Info: Link coloring ON on input line 3120.
\Hy@abspage=\count112
\c@Item=\count113
)
*hyperref using default driver hpdftex*
(/usr/share/texmf-texlive/tex/latex/hyperref/hpdftex.def
File: hpdftex.def 2007/02/07 v6.75r Hyperref driver for pdfTeX
\Fld@listcount=\count114
)
(./developer_guide.aux)
\openout1 = `developer_guide.aux'.

LaTeX Font Info:    Checking defaults for OML/cmm/m/it on input line 67.
LaTeX Font Info:    ... okay on input line 67.
LaTeX Font Info:    Checking defaults for T1/cmr/m/n on input line 67.
LaTeX Font Info:    ... okay on input line 67.
LaTeX Font Info:    Checking defaults for OT1/cmr/m/n on input line 67.
LaTeX Font Info:    ... okay on input line 67.
LaTeX Font Info:    Checking defaults for OMS/cmsy/m/n on input line 67.
LaTeX Font Info:    ... okay on input line 67.
LaTeX Font Info:    Checking defaults for OMX/cmex/m/n on input line 67.
LaTeX Font Info:    ... okay on input line 67.
LaTeX Font Info:    Checking defaults for U/cmr/m/n on input line 67.
LaTeX Font Info:    ... okay on input line 67.
LaTeX Font Info:    Checking defaults for PD1/pdf/m/n on input line 67.
LaTeX Font Info:    ... okay on input line 67.
Package hyperref Info: Link coloring ON on input line 67.

(/usr/share/texmf-texlive/tex/latex/hyperref/nameref.sty
Package: nameref 2006/12/27 v2.28 Cross-referencing by name of section

(/usr/share/texmf-texlive/tex/latex/oberdiek/refcount.sty
Package: refcount 2006/02/20 v3.0 Data extraction from references (HO)
)
\c@section@level=\count115
)
LaTeX Info: Redefining \ref on input line 67.
LaTeX Info: Redefining \pageref on input line 67.

(./developer_guide.out) (./developer_guide.out)
\@outlinefile=\write3
\openout3 = `developer_guide.out'.

 [1


{/var/lib/texmf/fonts/map/pdftex/updmap/pdftex.map}]
LaTeX Font Info:    Try loading font information for T1+aess on input line 73.
 (/usr/share/texmf-texlive/tex/latex/ae/t1aess.fd
File: t1aess.fd 1997/11/16 Font definitions for T1/aess.
)
LaTeX Font Info:    Try loading font information for OMS+aess on input line 100
.
LaTeX Font Info:    No file OMSaess.fd. on input line 100.


LaTeX Font Warning: Font shape `OMS/aess/m/n' undefined
(Font)              using `OMS/cmsy/m/n' instead
(Font)              for symbol `textbullet' on input line 100.

[2] (./developer_guide.toc
LaTeX Font Info:    Try loading font information for T1+aett on input line 4.
 (/usr/share/texmf-texlive/tex/latex/ae/t1aett.fd
File: t1aett.fd 1997/11/16 Font definitions for T1/aett.
)
[3

])
\tf@toc=\write4
\openout4 = `developer_guide.toc'.

 [4]
Chapter 1.
LaTeX Font Info:    Try loading font information for OMS+aer on input line 161.

(/usr/share/texmf-texlive/tex/latex/ae/omsaer.fd
File: omsaer.fd 1999/12/27
)
LaTeX Font Info:    Font shape `OMS/aer/m/n' in size <10> not available
(Font)              Font shape `OMS/cmsy/m/n' tried instead on input line 161.

<images/base_principle.png, id=325, 545.237pt x 300.322pt>
File: images/base_principle.png Graphic file (type png)

<use images/base_principle.png>
Overfull \hbox (112.1047pt too wide) in paragraph at lines 171--172
[][] 
 []

[5

]

LaTeX Font Warning: Font shape `T1/aett/bx/n' undefined
(Font)              using `T1/aett/m/n' instead on input line 206.

[6 <./images/base_principle.png>] [7] [8

]
Chapter 2.
<images/client_surface.png, id=359, 855.195pt x 487.421pt>
File: images/client_surface.png Graphic file (type png)

<use images/client_surface.png>
Overfull \hbox (422.06198pt too wide) in paragraph at lines 306--307
[][] 
 []

[9] [10 <./images/client_surface.png>]
<images/client_file_use.png, id=374, 441.65pt x 289.08pt>
File: images/client_file_use.png Graphic file (type png)

<use images/client_file_use.png>
Overfull \hbox (8.51796pt too wide) in paragraph at lines 332--333
[][] 
 []

[11 <./images/client_file_use.png>]
Overfull \hbox (4.6053pt too wide) in paragraph at lines 419--425
\T1/aett/m/n/10 chan-nel \T1/aer/m/n/10 classes) are de-fined through their con
-struc-tors, while per-ma-nent sin-gle-ton ob-jects (\T1/aett/m/n/10 g['signer'
]\T1/aer/m/n/10 ,
 []

<images/Channel_use_diagram.png, id=381, 378.41376pt x 237.88875pt>
File: images/Channel_use_diagram.png Graphic file (type png)

<use images/Channel_use_diagram.png> [12] [13 <./images/Channel_use_diagram.png
>] [14]
Overfull \hbox (12.39911pt too wide) in paragraph at lines 642--649
[]\T1/aer/m/n/10 The white-board is al-most[] al-ways await-ing for a re-sponse
 from the server, be-cause of the \T1/aett/bx/n/10 g['receiver']
 []

<images/Shape_derivation_diagram.png, id=402, 492.84125pt x 279.0425pt>
File: images/Shape_derivation_diagram.png Graphic file (type png)

<use images/Shape_derivation_diagram.png>
Overfull \hbox (59.70908pt too wide) in paragraph at lines 662--663
[][] 
 []

[15] <images/shape_protected_methods.png, id=410, 583.781pt x 500.269pt>
File: images/shape_protected_methods.png Graphic file (type png)

<use images/shape_protected_methods.png>
Overfull \hbox (150.64862pt too wide) in paragraph at lines 712--713
[][] 
 []

[16 <./images/Shape_derivation_diagram.png>] [17 <./images/shape_protected_meth
ods.png>] [18]
<images/server_file_use_simplified.png, id=433, 911.405pt x 136.51pt>
File: images/server_file_use_simplified.png Graphic file (type png)

<use images/server_file_use_simplified.png>
Overfull \hbox (478.27182pt too wide) in paragraph at lines 856--857
[][] 
 []

[19 <./images/server_file_use_simplified.png>]
<images/server_file_use_full.png, id=445, 908.996pt x 207.977pt>
File: images/server_file_use_full.png Graphic file (type png)

<use images/server_file_use_full.png>
Overfull \hbox (475.86282pt too wide) in paragraph at lines 962--963
[][] 
 []

[20 <./images/server_file_use_full.png>] [21]
Overfull \hbox (9.01721pt too wide) in paragraph at lines 1110--1115
\T1/aer/m/n/10 sponse to a client up-date re-quest. At lines 2 and 4, \T1/aett/
bx/n/10 $server_update_retry \T1/aer/m/n/10 and \T1/aett/bx/n/10 $server_update
_timeout
 []

[22]
Overfull \hbox (0.10837pt too wide) in paragraph at lines 1188--1188
[]\T1/aett/bx/n/10 var server_vars = ['user', 'client_id', 'width', 'height', '
svg_w', 'svg_h',  
 []

<images/size_adapter.png, id=474, 664.884pt x 354.123pt>
File: images/size_adapter.png Graphic file (type png)

<use images/size_adapter.png>
Overfull \hbox (231.75143pt too wide) in paragraph at lines 1247--1248
[][] 
 []

[23] [24 <./images/size_adapter.png>]
Overfull \hbox (10.41545pt too wide) in paragraph at lines 1312--1320
[]\T1/aer/m/n/10 The vari-able rul-ing the times-tamp va-lid-ity is \T1/aett/bx
/n/10 $server_timestamp_validity \T1/aer/m/n/10 into \T1/aett/bx/n/10 ver-ify_c
redentials
 []

[25] [26

]
Chapter 3.
<images/default_structure_data_folder.png, id=503, 415.5525pt x 427.5975pt>
File: images/default_structure_data_folder.png Graphic file (type png)

<use images/default_structure_data_folder.png> [27] [28 <./images/default_struc
ture_data_folder.png>] [29] [30]
<images/sending_update_separators.png, id=536, 778.91pt x 433.62pt>
File: images/sending_update_separators.png Graphic file (type png)

<use images/sending_update_separators.png>
Overfull \hbox (345.77716pt too wide) in paragraph at lines 1715--1716
[][] 
 []

[31] [32 <./images/sending_update_separators.png>]
Overfull \hbox (12.95604pt too wide) in alignment at lines 1849--1860
 [] [] [] 
 []


Overfull \hbox (12.95604pt too wide) in alignment at lines 1860--1901
 [] [] [] 
 []

[33] [34] [35] [36

]
Chapter 4.

Overfull \hbox (3.27434pt too wide) in paragraph at lines 2076--2079
[]\T1/aer/m/n/10 Dom method ``getEle-ments-By-Tag-name'' must be re-placed with
 ``getEle-ments-By-Tag-Na-meNS(g_svgNS,
 []

[37] [38]
Overfull \hbox (14.55145pt too wide) in paragraph at lines 2247--2252
[]\T1/aer/m/n/10 Mouse co-or-di-nates (re-trieved with tar-get.clientX and tar-
get.clientY)
 []

[39] [40

]
Chapter 5.
[41] [42]
Chapter 6.

Overfull \hbox (0.25298pt too wide) in paragraph at lines 2448--2454
[]\T1/aer/m/n/10 But the fea-ture that could com-pletely change the ap-pli-ca-t
ion ar-chi-tec-ture is the in-com-ing of \T1/aer/bx/n/10 HTML5
 []

[43

] [44]
Chapter 7.
[45

] [46

]
Chapter 8.
[47] (./developer_guide.aux)

LaTeX Font Warning: Some font shapes were not available, defaults substituted.

 ) 
Here is how much of TeX's memory you used:
 4680 strings out of 95063
 63989 string characters out of 1182609
 130891 words of memory out of 1500000
 7510 multiletter control sequences out of 10000+50000
 60008 words of font info for 110 fonts, out of 1200000 for 2000
 28 hyphenation exceptions out of 8191
 28i,8n,37p,268b,469s stack positions out of 5000i,500n,6000p,200000b,5000s
</usr/share/texmf-texlive/fonts/type1/bluesky/cm/cmbx10.pfb></usr/share/texmf
-texlive/fonts/type1/bluesky/cm/cmbx12.pfb></usr/share/texmf-texlive/fonts/type
1/bluesky/cm/cmbx8.pfb></usr/share/texmf-texlive/fonts/type1/bluesky/cm/cmbxti1
0.pfb></usr/share/texmf-texlive/fonts/type1/bluesky/cm/cmmi10.pfb></usr/share/t
exmf-texlive/fonts/type1/bluesky/cm/cmr10.pfb></usr/share/texmf-texlive/fonts/t
ype1/bluesky/cm/cmr17.pfb></usr/share/texmf-texlive/fonts/type1/bluesky/cm/cmr6
.pfb></usr/share/texmf-texlive/fonts/type1/bluesky/cm/cmr7.pfb></usr/share/texm
f-texlive/fonts/type1/bluesky/cm/cmr8.pfb></usr/share/texmf-texlive/fonts/type1
/bluesky/cm/cmsl10.pfb></usr/share/texmf-texlive/fonts/type1/bluesky/cm/cmss10.
pfb></usr/share/texmf-texlive/fonts/type1/bluesky/cm/cmssbx10.pfb></usr/share/t
exmf-texlive/fonts/type1/bluesky/cm/cmsy10.pfb></usr/share/texmf-texlive/fonts/
type1/bluesky/cm/cmti10.pfb></usr/share/texmf-texlive/fonts/type1/bluesky/cm/cm
ti8.pfb></usr/share/texmf-texlive/fonts/type1/bluesky/cm/cmtt10.pfb></usr/share
/texmf-texlive/fonts/type1/bluesky/cm/cmtt12.pfb></usr/share/texmf-texlive/font
s/type1/bluesky/cm/cmtt8.pfb>
Output written on developer_guide.pdf (47 pages, 1179405 bytes).
PDF statistics:
 753 PDF objects out of 1000 (max. 8388607)
 193 named destinations out of 1000 (max. 131072)
 528 words of extra memory for PDF output out of 10000 (max. 10000000)

