\BOOKMARK [0][-]{chapter.1}{Main principle}{}
\BOOKMARK [1][-]{section.1.1}{Elements involved}{chapter.1}
\BOOKMARK [1][-]{section.1.2}{Server mode parameter}{chapter.1}
\BOOKMARK [1][-]{section.1.3}{Principal division of the application}{chapter.1}
\BOOKMARK [0][-]{chapter.2}{Code structure}{}
\BOOKMARK [1][-]{section.2.1}{Client side}{chapter.2}
\BOOKMARK [2][-]{subsection.2.1.1}{Dispatching the execution flow through the files}{section.2.1}
\BOOKMARK [2][-]{subsection.2.1.2}{Object implementation on the client side}{section.2.1}
\BOOKMARK [2][-]{subsection.2.1.3}{The channel class}{section.2.1}
\BOOKMARK [2][-]{subsection.2.1.4}{The shape class}{section.2.1}
\BOOKMARK [2][-]{subsection.2.1.5}{Concurrency}{section.2.1}
\BOOKMARK [1][-]{section.2.2}{Server side}{chapter.2}
\BOOKMARK [2][-]{subsection.2.2.1}{The main switch}{section.2.2}
\BOOKMARK [2][-]{subsection.2.2.2}{Function groups and server side files}{section.2.2}
\BOOKMARK [2][-]{subsection.2.2.3}{Steps for the server response}{section.2.2}
\BOOKMARK [2][-]{subsection.2.2.4}{The client identifier}{section.2.2}
\BOOKMARK [2][-]{subsection.2.2.5}{Export mode and draw\137image}{section.2.2}
\BOOKMARK [2][-]{subsection.2.2.6}{Concurrency}{section.2.2}
\BOOKMARK [1][-]{section.2.3}{Emulating a client push behavior with the http technology}{chapter.2}
\BOOKMARK [1][-]{section.2.4}{Global variables directly sent from the server to the client}{chapter.2}
\BOOKMARK [2][-]{subsection.2.4.1}{Role of build\137user\137vars}{section.2.4}
\BOOKMARK [1][-]{section.2.5}{Global and local measure units}{chapter.2}
\BOOKMARK [1][-]{section.2.6}{Security measures}{chapter.2}
\BOOKMARK [2][-]{subsection.2.6.1}{Request signature}{section.2.6}
\BOOKMARK [2][-]{subsection.2.6.2}{Reply attack}{section.2.6}
\BOOKMARK [1][-]{section.2.7}{Timeout effects}{chapter.2}
\BOOKMARK [2][-]{subsection.2.7.1}{Sender requests and the send\137id}{section.2.7}
\BOOKMARK [1][-]{section.2.8}{Parametric layout}{chapter.2}
\BOOKMARK [0][-]{chapter.3}{Data structures}{}
\BOOKMARK [1][-]{section.3.1}{Stored data}{chapter.3}
\BOOKMARK [2][-]{subsection.3.1.1}{Whiteboard database}{section.3.1}
\BOOKMARK [2][-]{subsection.3.1.2}{Permission file}{section.3.1}
\BOOKMARK [2][-]{subsection.3.1.3}{Password file}{section.3.1}
\BOOKMARK [1][-]{section.3.2}{Joined arrays}{chapter.3}
\BOOKMARK [2][-]{subsection.3.2.1}{Object id}{section.3.2}
\BOOKMARK [2][-]{subsection.3.2.2}{Action parameters}{section.3.2}
\BOOKMARK [2][-]{subsection.3.2.3}{Drawbacks and alternatives to the use of joined arrays}{section.3.2}
\BOOKMARK [0][-]{chapter.4}{Specific solutions and workarounds}{}
\BOOKMARK [1][-]{section.4.1}{Use of svgweb}{chapter.4}
\BOOKMARK [2][-]{subsection.4.1.1}{Generic notes}{section.4.1}
\BOOKMARK [2][-]{subsection.4.1.2}{Image and anchor support}{section.4.1}
\BOOKMARK [2][-]{subsection.4.1.3}{Resize the SVG root node}{section.4.1}
\BOOKMARK [1][-]{section.4.2}{Coordinates within the svg canvas}{chapter.4}
\BOOKMARK [2][-]{subsection.4.2.1}{Browser behavior for svg offset}{section.4.2}
\BOOKMARK [2][-]{subsection.4.2.2}{Browser behavior for scroll state}{section.4.2}
\BOOKMARK [0][-]{chapter.5}{Testing environment and methods}{}
\BOOKMARK [1][-]{section.5.1}{Browsers}{chapter.5}
\BOOKMARK [1][-]{section.5.2}{Debugging Javascript in Explorer}{chapter.5}
\BOOKMARK [1][-]{section.5.3}{Hardware}{chapter.5}
\BOOKMARK [2][-]{subsection.5.3.1}{Performance problems}{section.5.3}
\BOOKMARK [0][-]{chapter.6}{Directions for further development}{}
\BOOKMARK [1][-]{section.6.1}{Prepare for HTML5}{chapter.6}
\BOOKMARK [2][-]{subsection.6.1.1}{The canvas element}{section.6.1}
\BOOKMARK [1][-]{section.6.2}{Administration panel}{chapter.6}
\BOOKMARK [1][-]{section.6.3}{Execution of the whiteboard as a CGI}{chapter.6}
\BOOKMARK [0][-]{chapter.7}{Web resources}{}
\BOOKMARK [0][-]{chapter.8}{Notes}{}
